TN:
SF:src/config/envConfig.ts
FNF:0
FNH:0
DA:1,1
DA:2,1
DA:3,1
DA:4,1
DA:5,1
DA:6,1
DA:7,1
DA:8,1
DA:9,1
DA:10,1
DA:11,1
LF:11
LH:11
BRF:0
BRH:0
end_of_record
TN:
SF:src/config/tmpAvatarFolder.ts
FNF:0
FNH:0
DA:1,1
DA:2,1
DA:3,1
LF:3
LH:3
BRF:0
BRH:0
end_of_record
TN:
SF:src/errors/AppError.ts
FN:6,AppError
FNF:1
FNH:1
FNDA:14,AppError
DA:1,1
DA:2,1
DA:3,1
DA:4,1
DA:5,1
DA:6,1
DA:7,14
DA:8,14
DA:9,14
DA:10,1
LF:10
LH:10
BRDA:6,0,0,14
BRF:1
BRH:1
end_of_record
TN:
SF:src/errors/ErrorMessages.ts
FNF:0
FNH:0
DA:1,1
DA:2,1
DA:3,1
DA:4,1
DA:5,1
DA:6,1
DA:7,1
DA:8,1
DA:9,1
DA:10,1
DA:11,1
DA:12,1
DA:13,1
DA:14,1
DA:15,1
DA:16,1
DA:17,1
DA:18,1
DA:19,1
DA:20,1
DA:21,1
LF:21
LH:21
BRF:0
BRH:0
end_of_record
TN:
SF:src/modules/token/repositories/inMemory/InMemoryTokensRepository.ts
FN:6,InMemoryTokenRepository
FN:10,create
FN:21,findByValue
FN:25,findByUserId
FN:29,delete
FN:34,deleteExpired
FNF:6
FNH:5
FNDA:10,InMemoryTokenRepository
FNDA:7,create
FNDA:7,findByValue
FNDA:0,findByUserId
FNDA:2,delete
FNDA:2,deleteExpired
DA:1,1
DA:2,1
DA:3,1
DA:4,1
DA:5,1
DA:6,10
DA:7,10
DA:8,10
DA:9,10
DA:10,10
DA:11,7
DA:12,7
DA:13,7
DA:14,7
DA:15,7
DA:16,7
DA:17,7
DA:18,7
DA:19,7
DA:20,10
DA:21,10
DA:22,7
DA:23,7
DA:24,10
DA:25,10
DA:26,0
DA:27,0
DA:28,10
DA:29,10
DA:30,2
DA:31,2
DA:32,2
DA:33,10
DA:34,10
DA:35,2
DA:36,2
DA:37,2
DA:38,2
DA:39,0
DA:40,0
DA:41,0
DA:42,0
DA:43,0
DA:44,2
DA:45,2
DA:46,10
LF:46
LH:39
BRDA:6,0,0,10
BRDA:10,1,0,7
BRDA:18,2,0,8
BRDA:21,3,0,7
BRDA:22,4,0,4
BRDA:29,5,0,2
BRDA:30,6,0,2
BRDA:34,7,0,2
BRF:8
BRH:8
end_of_record
TN:
SF:src/modules/token/useCases/createToken/createTokenUseCase.ts
FN:10,CreateTokenUseCase
FN:15,execute
FNF:2
FNH:2
FNDA:1,CreateTokenUseCase
FNDA:1,execute
DA:1,1
DA:2,1
DA:3,1
DA:4,1
DA:5,1
DA:6,1
DA:7,1
DA:8,1
DA:9,1
DA:10,1
DA:11,1
DA:12,1
DA:13,1
DA:14,1
DA:15,1
DA:16,1
DA:17,1
DA:18,1
DA:19,1
DA:20,0
DA:21,0
DA:22,1
DA:23,1
DA:24,1
DA:25,1
DA:26,1
DA:27,1
DA:28,1
DA:29,1
DA:30,1
LF:30
LH:28
BRDA:10,0,0,1
BRDA:15,1,0,1
BRDA:19,2,0,0
BRF:3
BRH:2
end_of_record
TN:
SF:src/modules/token/useCases/deleteToken/deleteTokenUseCase.ts
FN:9,DeleteTokenUseCase
FN:14,execute
FNF:2
FNH:2
FNDA:2,DeleteTokenUseCase
FNDA:2,execute
DA:1,1
DA:2,1
DA:3,1
DA:4,1
DA:5,1
DA:6,1
DA:7,1
DA:8,1
DA:9,1
DA:10,2
DA:11,2
DA:12,2
DA:13,1
DA:14,1
DA:15,2
DA:16,2
DA:17,2
DA:18,1
DA:19,1
DA:20,1
DA:21,1
DA:22,1
DA:23,1
LF:23
LH:23
BRDA:9,0,0,2
BRDA:14,1,0,2
BRDA:17,2,0,1
BRF:3
BRH:3
end_of_record
TN:
SF:src/modules/user/repositories/inMemory/InMemoryUsersRepository.ts
FN:6,InMemoryUsersRepository
FN:10,create
FN:22,findById
FN:28,findByProviderId
FN:34,updateAvatar
FN:41,delete
FNF:6
FNH:6
FNDA:15,InMemoryUsersRepository
FNDA:10,create
FNDA:12,findById
FNDA:7,findByProviderId
FNDA:3,updateAvatar
FNDA:1,delete
DA:1,1
DA:2,1
DA:3,1
DA:4,1
DA:5,1
DA:6,15
DA:7,15
DA:8,15
DA:9,15
DA:10,15
DA:11,10
DA:12,10
DA:13,10
DA:14,10
DA:15,10
DA:16,10
DA:17,10
DA:18,10
DA:19,10
DA:20,10
DA:21,15
DA:22,15
DA:23,12
DA:24,12
DA:25,12
DA:26,12
DA:27,15
DA:28,15
DA:29,7
DA:30,7
DA:31,7
DA:32,7
DA:33,15
DA:34,15
DA:35,3
DA:36,3
DA:37,3
DA:38,3
DA:39,3
DA:40,15
DA:41,15
DA:42,1
DA:43,1
DA:44,1
DA:45,15
DA:46,15
DA:47,15
LF:47
LH:47
BRDA:6,0,0,15
BRDA:10,1,0,10
BRDA:22,2,0,12
BRDA:23,3,0,7
BRDA:28,4,0,7
BRDA:29,5,0,6
BRDA:34,6,0,3
BRDA:35,7,0,3
BRDA:41,8,0,1
BRDA:42,9,0,1
BRF:10
BRH:10
end_of_record
TN:
SF:src/modules/user/useCases/authenticateUser/authenticateUserUseCase.ts
FN:19,AuthenticateUserUseCase
FN:26,execute
FNF:2
FNH:2
FNDA:2,AuthenticateUserUseCase
FNDA:2,execute
DA:1,1
DA:2,1
DA:3,1
DA:4,1
DA:5,1
DA:6,1
DA:7,1
DA:8,1
DA:9,1
DA:10,1
DA:11,1
DA:12,1
DA:13,1
DA:14,1
DA:15,1
DA:16,1
DA:17,1
DA:18,1
DA:19,1
DA:20,2
DA:21,2
DA:22,2
DA:23,2
DA:24,2
DA:25,1
DA:26,1
DA:27,2
DA:28,2
DA:29,2
DA:30,2
DA:31,1
DA:32,1
DA:33,1
DA:34,2
DA:35,2
DA:36,2
DA:37,2
DA:38,2
DA:39,2
DA:40,2
DA:41,2
DA:42,2
DA:43,2
DA:44,2
DA:45,2
DA:46,2
DA:47,2
DA:48,2
DA:49,2
DA:50,2
DA:51,2
DA:52,2
DA:53,2
DA:54,2
DA:55,2
DA:56,2
DA:57,2
DA:58,1
LF:58
LH:58
BRDA:19,0,0,2
BRDA:26,1,0,2
BRDA:30,2,0,1
BRF:3
BRH:3
end_of_record
TN:
SF:src/modules/user/useCases/createUser/createUserUseCase.ts
FN:8,CreateUserUseCase
FN:13,execute
FNF:2
FNH:2
FNDA:1,CreateUserUseCase
FNDA:1,execute
DA:1,1
DA:2,1
DA:3,1
DA:4,1
DA:5,1
DA:6,1
DA:7,1
DA:8,1
DA:9,1
DA:10,1
DA:11,1
DA:12,1
DA:13,1
DA:14,1
DA:15,1
DA:16,1
DA:17,1
DA:18,1
DA:19,1
DA:20,1
DA:21,1
LF:21
LH:21
BRDA:8,0,0,1
BRDA:13,1,0,1
BRF:2
BRH:2
end_of_record
TN:
SF:src/modules/user/useCases/deleteUser/deleteUserUserCase.ts
FN:9,DeleteUserUseCase
FN:14,execute
FNF:2
FNH:2
FNDA:2,DeleteUserUseCase
FNDA:2,execute
DA:1,1
DA:2,1
DA:3,1
DA:4,1
DA:5,1
DA:6,1
DA:7,1
DA:8,1
DA:9,1
DA:10,2
DA:11,2
DA:12,2
DA:13,1
DA:14,1
DA:15,2
DA:16,2
DA:17,2
DA:18,1
DA:19,1
DA:20,1
DA:21,1
DA:22,1
DA:23,1
DA:24,1
DA:25,1
LF:25
LH:25
BRDA:9,0,0,2
BRDA:14,1,0,2
BRDA:17,2,0,1
BRF:3
BRH:3
end_of_record
TN:
SF:src/modules/user/useCases/getUser/getUserUseCase.ts
FN:10,GetUserUseCase
FN:15,execute
FNF:2
FNH:2
FNDA:2,GetUserUseCase
FNDA:2,execute
DA:1,1
DA:2,1
DA:3,1
DA:4,1
DA:5,1
DA:6,1
DA:7,1
DA:8,1
DA:9,1
DA:10,1
DA:11,2
DA:12,2
DA:13,2
DA:14,1
DA:15,1
DA:16,2
DA:17,2
DA:18,2
DA:19,2
DA:20,1
DA:21,1
DA:22,1
DA:23,1
DA:24,1
DA:25,1
LF:25
LH:25
BRDA:10,0,0,2
BRDA:15,1,0,2
BRDA:19,2,0,1
BRF:3
BRH:3
end_of_record
TN:
SF:src/modules/user/useCases/logoutUser/logoutUserUseCase.ts
FN:9,LogoutUserUseCase
FN:14,execute
FNF:2
FNH:2
FNDA:2,LogoutUserUseCase
FNDA:2,execute
DA:1,1
DA:2,1
DA:3,1
DA:4,1
DA:5,1
DA:6,1
DA:7,1
DA:8,1
DA:9,1
DA:10,2
DA:11,2
DA:12,2
DA:13,1
DA:14,1
DA:15,2
DA:16,2
DA:17,2
DA:18,2
DA:19,1
DA:20,1
DA:21,1
DA:22,1
DA:23,1
DA:24,1
DA:25,1
LF:25
LH:25
BRDA:9,0,0,2
BRDA:14,1,0,2
BRDA:18,2,0,1
BRF:3
BRH:3
end_of_record
TN:
SF:src/modules/user/useCases/refreshUser/refreshUserUseCase.ts
FN:21,RefreshUserUseCase
FN:28,execute
FNF:2
FNH:2
FNDA:3,RefreshUserUseCase
FNDA:3,execute
DA:1,1
DA:2,1
DA:3,1
DA:4,1
DA:5,1
DA:6,1
DA:7,1
DA:8,1
DA:9,1
DA:10,1
DA:11,1
DA:12,1
DA:13,1
DA:14,1
DA:15,1
DA:16,1
DA:17,1
DA:18,1
DA:19,1
DA:20,1
DA:21,1
DA:22,3
DA:23,3
DA:24,3
DA:25,3
DA:26,3
DA:27,1
DA:28,1
DA:29,3
DA:30,3
DA:31,3
DA:32,3
DA:33,3
DA:34,3
DA:35,1
DA:36,1
DA:37,2
DA:38,2
DA:39,2
DA:40,3
DA:41,0
DA:42,0
DA:43,2
DA:44,2
DA:45,2
DA:46,2
DA:47,2
DA:48,3
DA:49,1
DA:50,1
DA:51,1
DA:52,1
DA:53,1
DA:54,1
DA:55,1
DA:56,1
DA:57,1
DA:58,1
DA:59,1
DA:60,1
DA:61,1
DA:62,1
DA:63,1
DA:64,1
DA:65,1
DA:66,1
DA:67,1
DA:68,1
DA:69,1
LF:69
LH:67
BRDA:21,0,0,3
BRDA:28,1,0,3
BRDA:34,2,0,1
BRDA:37,3,0,2
BRDA:40,4,0,0
BRDA:43,5,0,2
BRDA:48,6,0,1
BRF:7
BRH:6
end_of_record
TN:
SF:src/modules/user/useCases/updateAvatar/updateAvatarUseCase.ts
FN:16,UpdateAvatarUseCase
FN:21,execute
FNF:2
FNH:2
FNDA:3,UpdateAvatarUseCase
FNDA:4,execute
DA:1,1
DA:2,1
DA:3,1
DA:4,1
DA:5,1
DA:6,1
DA:7,1
DA:8,1
DA:9,1
DA:10,1
DA:11,1
DA:12,1
DA:13,1
DA:14,1
DA:15,1
DA:16,1
DA:17,3
DA:18,3
DA:19,3
DA:20,1
DA:21,1
DA:22,4
DA:23,4
DA:24,4
DA:25,1
DA:26,1
DA:27,3
DA:28,3
DA:29,3
DA:30,4
DA:31,1
DA:32,1
DA:33,3
DA:34,3
DA:35,3
DA:36,1
LF:36
LH:36
BRDA:16,0,0,3
BRDA:21,1,0,4
BRDA:24,2,0,1
BRDA:27,3,0,3
BRDA:30,4,0,1
BRDA:33,5,0,3
BRF:6
BRH:6
end_of_record
TN:
SF:src/utils/file.ts
FN:3,deleteFile
FNF:1
FNH:1
FNDA:1,deleteFile
DA:1,1
DA:2,1
DA:3,1
DA:4,1
DA:5,1
DA:6,1
DA:7,1
DA:8,1
DA:9,1
DA:10,0
DA:11,0
DA:12,0
LF:12
LH:9
BRDA:3,0,0,1
BRDA:7,1,0,0
BRDA:10,2,0,0
BRF:3
BRH:1
end_of_record
