TN:
SF:src/errors/AppError.ts
FN:6,AppError
FNF:1
FNH:1
FNDA:4,AppError
DA:1,1
DA:2,1
DA:3,1
DA:4,1
DA:5,1
DA:6,1
DA:7,4
DA:8,4
DA:9,4
DA:10,1
LF:10
LH:10
BRDA:6,0,0,4
BRF:1
BRH:1
end_of_record
TN:
SF:src/errors/ErrorMessages.ts
FNF:0
FNH:0
DA:1,1
DA:2,1
DA:3,1
DA:4,1
DA:5,1
DA:6,1
DA:7,1
DA:8,1
DA:9,1
DA:10,1
DA:11,1
DA:12,1
DA:13,1
DA:14,1
DA:15,1
DA:16,1
DA:17,1
DA:18,1
DA:19,1
LF:19
LH:19
BRF:0
BRH:0
end_of_record
TN:
SF:src/modules/user/repositories/inMemory/InMemoryUsersRepository.ts
FN:6,InMemoryUsersRepository
FN:10,create
FN:22,findById
FN:28,findByProviderId
FN:34,updateAvatar
FN:41,delete
FNF:6
FNH:4
FNDA:5,InMemoryUsersRepository
FNDA:3,create
FNDA:5,findById
FNDA:0,findByProviderId
FNDA:0,updateAvatar
FNDA:1,delete
DA:1,1
DA:2,1
DA:3,1
DA:4,1
DA:5,1
DA:6,5
DA:7,5
DA:8,5
DA:9,5
DA:10,5
DA:11,3
DA:12,3
DA:13,3
DA:14,3
DA:15,3
DA:16,3
DA:17,3
DA:18,3
DA:19,3
DA:20,3
DA:21,5
DA:22,5
DA:23,5
DA:24,5
DA:25,5
DA:26,5
DA:27,5
DA:28,5
DA:29,0
DA:30,0
DA:31,0
DA:32,0
DA:33,5
DA:34,5
DA:35,0
DA:36,0
DA:37,0
DA:38,0
DA:39,0
DA:40,5
DA:41,5
DA:42,1
DA:43,1
DA:44,1
DA:45,5
DA:46,5
DA:47,5
LF:47
LH:38
BRDA:6,0,0,5
BRDA:10,1,0,3
BRDA:22,2,0,5
BRDA:23,3,0,2
BRDA:41,4,0,1
BRDA:42,5,0,1
BRF:6
BRH:6
end_of_record
TN:
SF:src/modules/user/useCases/createUser/createUserUseCase.ts
FN:10,CreateUserUseCase
FN:15,execute
FNF:2
FNH:2
FNDA:1,CreateUserUseCase
FNDA:1,execute
DA:1,1
DA:2,1
DA:3,1
DA:4,1
DA:5,1
DA:6,1
DA:7,1
DA:8,1
DA:9,1
DA:10,1
DA:11,1
DA:12,1
DA:13,1
DA:14,1
DA:15,1
DA:16,1
DA:17,1
DA:18,1
DA:19,1
DA:20,1
DA:21,1
DA:22,1
DA:23,1
DA:24,1
DA:25,1
LF:25
LH:25
BRDA:10,0,0,1
BRDA:15,1,0,1
BRF:2
BRH:2
end_of_record
TN:
SF:src/modules/user/useCases/deleteUser/deleteUserUserCase.ts
FN:9,DeleteUserUseCase
FN:14,execute
FNF:2
FNH:2
FNDA:2,DeleteUserUseCase
FNDA:2,execute
DA:1,1
DA:2,1
DA:3,1
DA:4,1
DA:5,1
DA:6,1
DA:7,1
DA:8,1
DA:9,1
DA:10,2
DA:11,2
DA:12,2
DA:13,1
DA:14,1
DA:15,2
DA:16,2
DA:17,2
DA:18,1
DA:19,1
DA:20,1
DA:21,1
DA:22,1
DA:23,1
DA:24,1
DA:25,1
LF:25
LH:25
BRDA:9,0,0,2
BRDA:14,1,0,2
BRDA:17,2,0,1
BRF:3
BRH:3
end_of_record
TN:
SF:src/modules/user/useCases/getUser/getUserUseCase.ts
FN:10,GetUserUseCase
FN:15,execute
FNF:2
FNH:2
FNDA:2,GetUserUseCase
FNDA:2,execute
DA:1,1
DA:2,1
DA:3,1
DA:4,1
DA:5,1
DA:6,1
DA:7,1
DA:8,1
DA:9,1
DA:10,1
DA:11,2
DA:12,2
DA:13,2
DA:14,1
DA:15,1
DA:16,2
DA:17,2
DA:18,2
DA:19,2
DA:20,1
DA:21,1
DA:22,1
DA:23,1
DA:24,1
DA:25,1
DA:26,1
DA:27,1
LF:27
LH:27
BRDA:10,0,0,2
BRDA:15,1,0,2
BRDA:19,2,0,1
BRF:3
BRH:3
end_of_record
